<?xml version="1.0" encoding="UTF-8"?>
<testsuite xmlns:xsi="http://www.w3.org/2001/XMLSchema-instance" xsi:noNamespaceSchemaLocation="https://maven.apache.org/surefire/maven-surefire-plugin/xsd/surefire-test-report-3.0.xsd" version="3.0" name="com.example.backend.BackendApplicationTests" time="22.388" tests="1" errors="0" skipped="0" failures="0">
  <properties>
[...]
</properties>
  <testcase name="contextLoads" classname="com.example.backend.BackendApplicationTests" time="1.095">
    <system-out><![CDATA[22:37:52.323 [main] INFO org.springframework.test.context.support.AnnotationConfigContextLoaderUtils -- Could not detect default configuration classes for test class [com.example.backend.BackendApplicationTests]: BackendApplicationTests does not declare any static, non-private, non-final, nested classes annotated with @Configuration.
22:37:52.585 [main] INFO org.springframework.boot.test.context.SpringBootTestContextBootstrapper -- Found @SpringBootConfiguration com.example.backend.BackendApplication for test class com.example.backend.BackendApplicationTests
  .   ____          _            __ _ _
 /\\ / ___'_ __ _ _(_)_ __  __ _ \ \ \ \
( ( )\___ | '_ | '_| | '_ \/ _` | \ \ \ \
 \\/  ___)| |_)| | | | | || (_| |  ) ) ) )
  '  |____| .__|_| |_|_| |_\__, | / / / /
 =========|_|==============|___/=/_/_/_/

 :: Spring Boot ::                (v3.3.0)

2025-01-24T22:37:53.741Z  INFO 69617 --- [backend] [           main] c.e.backend.BackendApplicationTests      : Starting BackendApplicationTests using Java 21.0.5 with PID 69617 (started by erickson in /home/erickson/Projetos/Estagio-Premiere-Systeme/salle-sport/backend)
2025-01-24T22:37:53.745Z  INFO 69617 --- [backend] [           main] c.e.backend.BackendApplicationTests      : No active profile set, falling back to 1 default profile: "default"
2025-01-24T22:37:56.361Z  INFO 69617 --- [backend] [           main] .s.d.r.c.RepositoryConfigurationDelegate : Bootstrapping Spring Data JPA repositories in DEFAULT mode.
2025-01-24T22:37:56.577Z  INFO 69617 --- [backend] [           main] .s.d.r.c.RepositoryConfigurationDelegate : Finished Spring Data repository scanning in 194 ms. Found 7 JPA repository interfaces.
2025-01-24T22:37:58.449Z  INFO 69617 --- [backend] [           main] o.hibernate.jpa.internal.util.LogHelper  : HHH000204: Processing PersistenceUnitInfo [name: default]
2025-01-24T22:37:58.565Z  INFO 69617 --- [backend] [           main] org.hibernate.Version                    : HHH000412: Hibernate ORM core version 6.5.2.Final
2025-01-24T22:37:58.636Z  INFO 69617 --- [backend] [           main] o.h.c.internal.RegionFactoryInitiator    : HHH000026: Second-level cache disabled
2025-01-24T22:37:59.265Z  INFO 69617 --- [backend] [           main] o.s.o.j.p.SpringPersistenceUnitInfo      : No LoadTimeWeaver setup: ignoring JPA class transformer
2025-01-24T22:37:59.317Z  INFO 69617 --- [backend] [           main] com.zaxxer.hikari.HikariDataSource       : HikariPool-1 - Starting...
2025-01-24T22:38:00.353Z  INFO 69617 --- [backend] [           main] com.zaxxer.hikari.pool.HikariPool        : HikariPool-1 - Added connection com.mysql.cj.jdbc.ConnectionImpl@2d7aa291
2025-01-24T22:38:00.361Z  INFO 69617 --- [backend] [           main] com.zaxxer.hikari.HikariDataSource       : HikariPool-1 - Start completed.
2025-01-24T22:38:00.553Z  WARN 69617 --- [backend] [           main] org.hibernate.orm.deprecation            : HHH90000025: MySQLDialect does not need to be specified explicitly using 'hibernate.dialect' (remove the property setting and it will be selected by default)
2025-01-24T22:38:03.578Z  INFO 69617 --- [backend] [           main] o.h.e.t.j.p.i.JtaPlatformInitiator       : HHH000489: No JTA platform available (set 'hibernate.transaction.jta.platform' to enable JTA platform integration)
Hibernate: 
    alter table abonnement 
       modify column active integer not null
Hibernate: 
    alter table adherant 
       modify column active integer not null
Hibernate: 
    alter table adherant 
       modify column adress varchar(255)
Hibernate: 
    alter table adherant 
       modify column cin varchar(255)
Hibernate: 
    alter table adherant 
       modify column mail varchar(255)
Hibernate: 
    alter table adherant 
       modify column nom varchar(255)
Hibernate: 
    alter table adherant 
       modify column nom_mere varchar(255)
Hibernate: 
    alter table adherant 
       modify column nom_pere varchar(255)
Hibernate: 
    alter table adherant 
       modify column password varchar(255)
Hibernate: 
    alter table adherant 
       modify column prenom varchar(255)
Hibernate: 
    alter table adherant 
       modify column tel_parant varchar(255)
Hibernate: 
    alter table adherant 
       modify column telephone varchar(255)
Hibernate: 
    alter table adherant 
       modify column ville varchar(255)
Hibernate: 
    create table coach (
        id bigint not null auto_increment,
        adress varchar(255),
        cin varchar(255),
        date_entree date,
        idsport integer not null,
        mail varchar(255),
        nom varchar(255),
        password varchar(255),
        prenom varchar(255),
        telephone varchar(255),
        primary key (id)
    ) engine=InnoDB
Hibernate: 
    alter table payement 
       add column cin_adherant varchar(255)
Hibernate: 
    alter table payement 
       add column quant_recu bigint
Hibernate: 
    alter table payement 
       modify column rendu bigint
Hibernate: 
    alter table sports 
       modify column nom varchar(255)
Hibernate: 
    alter table user 
       modify column cin varchar(255)
Hibernate: 
    alter table user 
       modify column mail varchar(255)
Hibernate: 
    alter table user 
       modify column nom varchar(255)
Hibernate: 
    alter table user 
       modify column password varchar(255)
Hibernate: 
    alter table user 
       modify column prenom varchar(255)
Hibernate: 
    alter table user 
       modify column role varchar(255)
Hibernate: 
    alter table user 
       modify column telephone varchar(255)
2025-01-24T22:38:06.130Z  INFO 69617 --- [backend] [           main] j.LocalContainerEntityManagerFactoryBean : Initialized JPA EntityManagerFactory for persistence unit 'default'
2025-01-24T22:38:06.979Z  INFO 69617 --- [backend] [           main] o.s.d.j.r.query.QueryEnhancerFactory     : Hibernate is in classpath; If applicable, HQL parser will be used.
2025-01-24T22:38:08.974Z  INFO 69617 --- [backend] [           main] r$InitializeUserDetailsManagerConfigurer : Global AuthenticationManager configured with UserDetailsService bean with name authenticationService
2025-01-24T22:38:09.384Z  WARN 69617 --- [backend] [           main] JpaBaseConfiguration$JpaWebConfiguration : spring.jpa.open-in-view is enabled by default. Therefore, database queries may be performed during view rendering. Explicitly configure spring.jpa.open-in-view to disable this warning
2025-01-24T22:38:11.201Z  INFO 69617 --- [backend] [           main] o.s.b.a.e.web.EndpointLinksResolver      : Exposing 1 endpoint beneath base path '/actuator'
2025-01-24T22:38:11.371Z  INFO 69617 --- [backend] [           main] o.s.s.web.DefaultSecurityFilterChain     : Will secure any request with [org.springframework.security.web.session.DisableEncodeUrlFilter@6f53e863, org.springframework.security.web.context.request.async.WebAsyncManagerIntegrationFilter@186149f9, org.springframework.security.web.context.SecurityContextHolderFilter@6e5506c9, org.springframework.security.web.header.HeaderWriterFilter@3310bb28, org.springframework.web.filter.CorsFilter@5d4042fc, org.springframework.security.web.authentication.logout.LogoutFilter@30c31e10, com.example.backend.infra.SecurityFilter@3ed79f41, org.springframework.security.web.savedrequest.RequestCacheAwareFilter@1cea4fdf, org.springframework.security.web.servletapi.SecurityContextHolderAwareRequestFilter@73f83bff, org.springframework.security.web.authentication.AnonymousAuthenticationFilter@6b06da60, org.springframework.security.web.session.SessionManagementFilter@60483dcf, org.springframework.security.web.access.ExceptionTranslationFilter@438f205c, org.springframework.security.web.access.intercept.AuthorizationFilter@4a9cb9d8]
2025-01-24T22:38:13.024Z  INFO 69617 --- [backend] [           main] c.e.backend.BackendApplicationTests      : Started BackendApplicationTests in 20.017 seconds (process running for 22.469)
]]></system-out>
    <system-err><![CDATA[WARNING: A Java agent has been loaded dynamically (/home/erickson/.m2/repository/net/bytebuddy/byte-buddy-agent/1.14.16/byte-buddy-agent-1.14.16.jar)
WARNING: If a serviceability tool is in use, please run with -XX:+EnableDynamicAgentLoading to hide this warning
WARNING: If a serviceability tool is not in use, please run with -Djdk.instrument.traceUsage for more information
WARNING: Dynamic loading of agents will be disallowed by default in a future release
]]></system-err>
  </testcase>
</testsuite>